2014/09/07 14:29:41 [trace] [system.CModule] Loading "log" application component
in /Applications/MAMP/htdocs/monitorly_webapp_new/app/index.php (24)
2014/09/07 14:29:41 [trace] [system.CModule] Loading "request" application component
in /Applications/MAMP/htdocs/monitorly_webapp_new/app/index.php (24)
2014/09/07 14:29:41 [trace] [system.CModule] Loading "urlManager" application component
in /Applications/MAMP/htdocs/monitorly_webapp_new/app/index.php (24)
2014/09/07 14:29:41 [trace] [system.web.filters.CFilterChain] Running filter AjaxController.filteraccessControl()
in /Applications/MAMP/htdocs/monitorly_webapp_new/app/index.php (24)
2014/09/07 14:29:41 [trace] [system.CModule] Loading "user" application component
in /Applications/MAMP/htdocs/monitorly_webapp_new/app/index.php (24)
2014/09/07 14:29:41 [trace] [system.CModule] Loading "session" application component
in /Applications/MAMP/htdocs/monitorly_webapp_new/app/index.php (24)
2014/09/07 14:29:41 [trace] [system.db.ar.CActiveRecord] Campaign.findByPk()
in /Applications/MAMP/htdocs/monitorly_webapp_new/app/protected/controllers/AjaxController.php (277)
in /Applications/MAMP/htdocs/monitorly_webapp_new/app/index.php (24)
2014/09/07 14:29:41 [trace] [system.CModule] Loading "db" application component
in /Applications/MAMP/htdocs/monitorly_webapp_new/app/protected/controllers/AjaxController.php (277)
in /Applications/MAMP/htdocs/monitorly_webapp_new/app/index.php (24)
2014/09/07 14:29:41 [trace] [system.db.CDbConnection] Opening DB connection
in /Applications/MAMP/htdocs/monitorly_webapp_new/app/protected/controllers/AjaxController.php (277)
in /Applications/MAMP/htdocs/monitorly_webapp_new/app/index.php (24)
2014/09/07 14:29:41 [trace] [system.db.CDbCommand] Querying SQL: SHOW FULL COLUMNS FROM `Campaign`
in /Applications/MAMP/htdocs/monitorly_webapp_new/app/protected/controllers/AjaxController.php (277)
in /Applications/MAMP/htdocs/monitorly_webapp_new/app/index.php (24)
2014/09/07 14:29:41 [trace] [system.db.CDbCommand] Querying SQL: SHOW CREATE TABLE `Campaign`
in /Applications/MAMP/htdocs/monitorly_webapp_new/app/protected/controllers/AjaxController.php (277)
in /Applications/MAMP/htdocs/monitorly_webapp_new/app/index.php (24)
2014/09/07 14:29:41 [trace] [system.db.CDbCommand] Querying SQL: SELECT * FROM `Campaign` `t` WHERE `t`.`id`=9 LIMIT 1
in /Applications/MAMP/htdocs/monitorly_webapp_new/app/protected/controllers/AjaxController.php (277)
in /Applications/MAMP/htdocs/monitorly_webapp_new/app/index.php (24)
2014/09/07 14:29:41 [trace] [system.db.CDbCommand] Querying SQL: SHOW FULL COLUMNS FROM `Task`
in /Applications/MAMP/htdocs/monitorly_webapp_new/app/protected/controllers/AjaxController.php (357)
in /Applications/MAMP/htdocs/monitorly_webapp_new/app/index.php (24)
2014/09/07 14:29:41 [trace] [system.db.CDbCommand] Querying SQL: SHOW CREATE TABLE `Task`
in /Applications/MAMP/htdocs/monitorly_webapp_new/app/protected/controllers/AjaxController.php (357)
in /Applications/MAMP/htdocs/monitorly_webapp_new/app/index.php (24)
2014/09/07 14:29:41 [trace] [system.db.ar.CActiveRecord] Task.insert()
in /Applications/MAMP/htdocs/monitorly_webapp_new/app/protected/controllers/AjaxController.php (364)
in /Applications/MAMP/htdocs/monitorly_webapp_new/app/index.php (24)
2014/09/07 14:29:41 [trace] [system.db.CDbCommand] Executing SQL: INSERT INTO `Task` (`taskDone`, `problem`, `assignedCompanyId`, `campaignid`, `siteid`, `status`, `dueDate`, `pop`) VALUES (:yp0, :yp1, :yp2, :yp3, :yp4, :yp5, :yp6, :yp7)
in /Applications/MAMP/htdocs/monitorly_webapp_new/app/protected/controllers/AjaxController.php (364)
in /Applications/MAMP/htdocs/monitorly_webapp_new/app/index.php (24)
2014/09/07 14:29:41 [trace] [system.db.ar.CActiveRecord] Task.insert()
in /Applications/MAMP/htdocs/monitorly_webapp_new/app/protected/controllers/AjaxController.php (364)
in /Applications/MAMP/htdocs/monitorly_webapp_new/app/index.php (24)
2014/09/07 14:29:41 [trace] [system.db.CDbCommand] Executing SQL: INSERT INTO `Task` (`taskDone`, `problem`, `assignedCompanyId`, `campaignid`, `siteid`, `status`, `dueDate`, `pop`) VALUES (:yp0, :yp1, :yp2, :yp3, :yp4, :yp5, :yp6, :yp7)
in /Applications/MAMP/htdocs/monitorly_webapp_new/app/protected/controllers/AjaxController.php (364)
in /Applications/MAMP/htdocs/monitorly_webapp_new/app/index.php (24)
2014/09/07 14:29:41 [trace] [system.db.ar.CActiveRecord] Task.insert()
in /Applications/MAMP/htdocs/monitorly_webapp_new/app/protected/controllers/AjaxController.php (364)
in /Applications/MAMP/htdocs/monitorly_webapp_new/app/index.php (24)
2014/09/07 14:29:41 [trace] [system.db.CDbCommand] Executing SQL: INSERT INTO `Task` (`taskDone`, `problem`, `assignedCompanyId`, `campaignid`, `siteid`, `status`, `dueDate`, `pop`) VALUES (:yp0, :yp1, :yp2, :yp3, :yp4, :yp5, :yp6, :yp7)
in /Applications/MAMP/htdocs/monitorly_webapp_new/app/protected/controllers/AjaxController.php (364)
in /Applications/MAMP/htdocs/monitorly_webapp_new/app/index.php (24)
2014/09/07 14:29:41 [trace] [system.db.ar.CActiveRecord] Task.insert()
in /Applications/MAMP/htdocs/monitorly_webapp_new/app/protected/controllers/AjaxController.php (364)
in /Applications/MAMP/htdocs/monitorly_webapp_new/app/index.php (24)
2014/09/07 14:29:41 [trace] [system.db.CDbCommand] Executing SQL: INSERT INTO `Task` (`taskDone`, `problem`, `assignedCompanyId`, `campaignid`, `siteid`, `status`, `dueDate`, `pop`) VALUES (:yp0, :yp1, :yp2, :yp3, :yp4, :yp5, :yp6, :yp7)
in /Applications/MAMP/htdocs/monitorly_webapp_new/app/protected/controllers/AjaxController.php (364)
in /Applications/MAMP/htdocs/monitorly_webapp_new/app/index.php (24)
2014/09/07 14:29:41 [trace] [system.db.ar.CActiveRecord] Task.insert()
in /Applications/MAMP/htdocs/monitorly_webapp_new/app/protected/controllers/AjaxController.php (364)
in /Applications/MAMP/htdocs/monitorly_webapp_new/app/index.php (24)
2014/09/07 14:29:41 [trace] [system.db.CDbCommand] Executing SQL: INSERT INTO `Task` (`taskDone`, `problem`, `assignedCompanyId`, `campaignid`, `siteid`, `status`, `dueDate`, `pop`) VALUES (:yp0, :yp1, :yp2, :yp3, :yp4, :yp5, :yp6, :yp7)
in /Applications/MAMP/htdocs/monitorly_webapp_new/app/protected/controllers/AjaxController.php (364)
in /Applications/MAMP/htdocs/monitorly_webapp_new/app/index.php (24)
2014/09/07 14:29:41 [trace] [system.db.ar.CActiveRecord] Task.insert()
in /Applications/MAMP/htdocs/monitorly_webapp_new/app/protected/controllers/AjaxController.php (364)
in /Applications/MAMP/htdocs/monitorly_webapp_new/app/index.php (24)
2014/09/07 14:29:41 [trace] [system.db.CDbCommand] Executing SQL: INSERT INTO `Task` (`taskDone`, `problem`, `assignedCompanyId`, `campaignid`, `siteid`, `status`, `dueDate`, `pop`) VALUES (:yp0, :yp1, :yp2, :yp3, :yp4, :yp5, :yp6, :yp7)
in /Applications/MAMP/htdocs/monitorly_webapp_new/app/protected/controllers/AjaxController.php (364)
in /Applications/MAMP/htdocs/monitorly_webapp_new/app/index.php (24)
2014/09/07 14:29:41 [trace] [system.db.ar.CActiveRecord] Task.insert()
in /Applications/MAMP/htdocs/monitorly_webapp_new/app/protected/controllers/AjaxController.php (364)
in /Applications/MAMP/htdocs/monitorly_webapp_new/app/index.php (24)
2014/09/07 14:29:41 [trace] [system.db.CDbCommand] Executing SQL: INSERT INTO `Task` (`taskDone`, `problem`, `assignedCompanyId`, `campaignid`, `siteid`, `status`, `dueDate`, `pop`) VALUES (:yp0, :yp1, :yp2, :yp3, :yp4, :yp5, :yp6, :yp7)
in /Applications/MAMP/htdocs/monitorly_webapp_new/app/protected/controllers/AjaxController.php (364)
in /Applications/MAMP/htdocs/monitorly_webapp_new/app/index.php (24)
2014/09/07 14:29:41 [trace] [system.db.ar.CActiveRecord] Task.insert()
in /Applications/MAMP/htdocs/monitorly_webapp_new/app/protected/controllers/AjaxController.php (364)
in /Applications/MAMP/htdocs/monitorly_webapp_new/app/index.php (24)
2014/09/07 14:29:41 [trace] [system.db.CDbCommand] Executing SQL: INSERT INTO `Task` (`taskDone`, `problem`, `assignedCompanyId`, `campaignid`, `siteid`, `status`, `dueDate`, `pop`) VALUES (:yp0, :yp1, :yp2, :yp3, :yp4, :yp5, :yp6, :yp7)
in /Applications/MAMP/htdocs/monitorly_webapp_new/app/protected/controllers/AjaxController.php (364)
in /Applications/MAMP/htdocs/monitorly_webapp_new/app/index.php (24)
2014/09/07 14:29:41 [trace] [system.db.ar.CActiveRecord] Task.insert()
in /Applications/MAMP/htdocs/monitorly_webapp_new/app/protected/controllers/AjaxController.php (364)
in /Applications/MAMP/htdocs/monitorly_webapp_new/app/index.php (24)
2014/09/07 14:29:41 [trace] [system.db.CDbCommand] Executing SQL: INSERT INTO `Task` (`taskDone`, `problem`, `assignedCompanyId`, `campaignid`, `siteid`, `status`, `dueDate`, `pop`) VALUES (:yp0, :yp1, :yp2, :yp3, :yp4, :yp5, :yp6, :yp7)
in /Applications/MAMP/htdocs/monitorly_webapp_new/app/protected/controllers/AjaxController.php (364)
in /Applications/MAMP/htdocs/monitorly_webapp_new/app/index.php (24)
2014/09/07 14:29:41 [trace] [system.db.CDbCommand] Executing SQL: Update Task set assignedCompanyId =1 where campaignid=9 and  pop = 1
in /Applications/MAMP/htdocs/monitorly_webapp_new/app/protected/models/Task.php (59)
in /Applications/MAMP/htdocs/monitorly_webapp_new/app/protected/controllers/AjaxController.php (372)
in /Applications/MAMP/htdocs/monitorly_webapp_new/app/index.php (24)
2014/09/07 14:29:41 [trace] [system.db.CDbCommand] Executing SQL: Update Task as task, (select tt.id from Task tt
inner join Listing l on l.id = tt.siteid and l.companyid =533
where tt.status = 1 and tt.campaignid = 9) as t
set pop = 1 , assignedCompanyId =  533 where task.id = t.id and task.dueDate = '2014-09-08 00:00:00'
in /Applications/MAMP/htdocs/monitorly_webapp_new/app/protected/models/Task.php (54)
in /Applications/MAMP/htdocs/monitorly_webapp_new/app/protected/controllers/AjaxController.php (387)
in /Applications/MAMP/htdocs/monitorly_webapp_new/app/index.php (24)
2014/09/07 14:29:58 [trace] [system.CModule] Loading "log" application component
in /Applications/MAMP/htdocs/monitorly_webapp_new/app/index.php (24)
2014/09/07 14:29:58 [trace] [system.CModule] Loading "request" application component
in /Applications/MAMP/htdocs/monitorly_webapp_new/app/index.php (24)
2014/09/07 14:29:58 [trace] [system.CModule] Loading "urlManager" application component
in /Applications/MAMP/htdocs/monitorly_webapp_new/app/index.php (24)
2014/09/07 14:29:58 [trace] [system.web.filters.CFilterChain] Running filter AjaxController.filteraccessControl()
in /Applications/MAMP/htdocs/monitorly_webapp_new/app/index.php (24)
2014/09/07 14:29:58 [trace] [system.CModule] Loading "user" application component
in /Applications/MAMP/htdocs/monitorly_webapp_new/app/index.php (24)
2014/09/07 14:29:58 [trace] [system.CModule] Loading "session" application component
in /Applications/MAMP/htdocs/monitorly_webapp_new/app/index.php (24)
2014/09/07 14:29:58 [trace] [system.db.ar.CActiveRecord] Campaign.findByPk()
in /Applications/MAMP/htdocs/monitorly_webapp_new/app/protected/controllers/AjaxController.php (277)
in /Applications/MAMP/htdocs/monitorly_webapp_new/app/index.php (24)
2014/09/07 14:29:58 [trace] [system.CModule] Loading "db" application component
in /Applications/MAMP/htdocs/monitorly_webapp_new/app/protected/controllers/AjaxController.php (277)
in /Applications/MAMP/htdocs/monitorly_webapp_new/app/index.php (24)
2014/09/07 14:29:58 [trace] [system.db.CDbConnection] Opening DB connection
in /Applications/MAMP/htdocs/monitorly_webapp_new/app/protected/controllers/AjaxController.php (277)
in /Applications/MAMP/htdocs/monitorly_webapp_new/app/index.php (24)
2014/09/07 14:29:58 [trace] [system.db.CDbCommand] Querying SQL: SHOW FULL COLUMNS FROM `Campaign`
in /Applications/MAMP/htdocs/monitorly_webapp_new/app/protected/controllers/AjaxController.php (277)
in /Applications/MAMP/htdocs/monitorly_webapp_new/app/index.php (24)
2014/09/07 14:29:58 [trace] [system.db.CDbCommand] Querying SQL: SHOW CREATE TABLE `Campaign`
in /Applications/MAMP/htdocs/monitorly_webapp_new/app/protected/controllers/AjaxController.php (277)
in /Applications/MAMP/htdocs/monitorly_webapp_new/app/index.php (24)
2014/09/07 14:29:58 [trace] [system.db.CDbCommand] Querying SQL: SELECT * FROM `Campaign` `t` WHERE `t`.`id`=9 LIMIT 1
in /Applications/MAMP/htdocs/monitorly_webapp_new/app/protected/controllers/AjaxController.php (277)
in /Applications/MAMP/htdocs/monitorly_webapp_new/app/index.php (24)
2014/09/07 14:29:58 [trace] [system.db.CDbCommand] Executing SQL: Update Task set assignedCompanyId =1 where campaignid=9 and  pop = 1
in /Applications/MAMP/htdocs/monitorly_webapp_new/app/protected/models/Task.php (59)
in /Applications/MAMP/htdocs/monitorly_webapp_new/app/protected/controllers/AjaxController.php (372)
in /Applications/MAMP/htdocs/monitorly_webapp_new/app/index.php (24)
2014/09/07 14:29:58 [trace] [system.db.CDbCommand] Executing SQL: Update Task as task, (select tt.id from Task tt
inner join Listing l on l.id = tt.siteid and l.companyid =533
where tt.status = 1 and tt.campaignid = 9) as t
set pop = 1 , assignedCompanyId =  1 where task.id = t.id and task.dueDate = '2014-09-08 00:00:00'
in /Applications/MAMP/htdocs/monitorly_webapp_new/app/protected/models/Task.php (54)
in /Applications/MAMP/htdocs/monitorly_webapp_new/app/protected/controllers/AjaxController.php (387)
in /Applications/MAMP/htdocs/monitorly_webapp_new/app/index.php (24)
